2012/12/01 23:29:17 [error] [system.db.CDbCommand] CDbCommand::fetchAll() failed: SQLSTATE[42S02]: Base table or view not found: 1146 Table 'conflictDB.CampoConflicto' doesn't exist. The SQL statement executed was: SHOW COLUMNS FROM `CampoConflicto`.
in /opt/lampp/htdocs/escalaconflict/index.php (13)
2012/12/01 23:44:25 [error] [exception.CHttpException.404] exception 'CHttpException' with message 'Unable to resolve the request "index".' in /usr/share/yii/framework/web/CWebApplication.php:287
Stack trace:
#0 /usr/share/yii/framework/web/CWebApplication.php(142): CWebApplication->runController('index')
#1 /usr/share/yii/framework/base/CApplication.php(162): CWebApplication->processRequest()
#2 /opt/lampp/htdocs/escalaconflict/index.php(13): CApplication->run()
#3 {main}
REQUEST_URI=/escalaconflict/index
---
2012/12/01 23:54:19 [error] [exception.CHttpException.404] exception 'CHttpException' with message 'Unable to resolve the request "tipoconflicto".' in /usr/share/yii/framework/web/CWebApplication.php:287
Stack trace:
#0 /usr/share/yii/framework/web/CWebApplication.php(142): CWebApplication->runController('tipoconflicto')
#1 /usr/share/yii/framework/base/CApplication.php(162): CWebApplication->processRequest()
#2 /opt/lampp/htdocs/escalaconflict/index.php(13): CApplication->run()
#3 {main}
REQUEST_URI=/escalaconflict/tipoconflicto
---
2012/12/02 02:34:46 [error] [exception.CException] exception 'CException' with message 'Property "EJuiAutoCompleteFkField.showFkField" is not defined.' in /usr/share/yii/framework/base/CComponent.php:174
Stack trace:
#0 /usr/share/yii/framework/web/CWidgetFactory.php(162): CComponent->__set('showFkField', true)
#1 /usr/share/yii/framework/web/CBaseController.php(147): CWidgetFactory->createWidget(Object(TipoConflictoController), 'EJuiAutoComplet...', Array)
#2 /usr/share/yii/framework/web/CBaseController.php(173): CBaseController->createWidget('EJuiAutoComplet...', Array)
#3 /opt/lampp/htdocs/escalaconflict/protected/views/tipoConflicto/_form.php(35): CBaseController->widget('EJuiAutoComplet...', Array)
#4 /usr/share/yii/framework/web/CBaseController.php(127): require('/opt/lampp/htdo...')
#5 /usr/share/yii/framework/web/CBaseController.php(96): CBaseController->renderInternal('/opt/lampp/htdo...', Array, true)
#6 /usr/share/yii/framework/web/CController.php(870): CBaseController->renderFile('/opt/lampp/htdo...', Array, true)
#7 /opt/lampp/htdocs/escalaconflict/protected/views/tipoConflicto/create.php(18): CController->renderPartial('_form', Array)
#8 /usr/share/yii/framework/web/CBaseController.php(127): require('/opt/lampp/htdo...')
#9 /usr/share/yii/framework/web/CBaseController.php(96): CBaseController->renderInternal('/opt/lampp/htdo...', Array, true)
#10 /usr/share/yii/framework/web/CController.php(870): CBaseController->renderFile('/opt/lampp/htdo...', Array, true)
#11 /usr/share/yii/framework/web/CController.php(783): CController->renderPartial('create', Array, true)
#12 /opt/lampp/htdocs/escalaconflict/protected/controllers/TipoConflictoController.php(79): CController->render('create', Array)
#13 /usr/share/yii/framework/web/actions/CInlineAction.php(50): TipoConflictoController->actionCreate()
#14 /usr/share/yii/framework/web/CController.php(309): CInlineAction->runWithParams(Array)
#15 /usr/share/yii/framework/web/filters/CFilterChain.php(134): CController->runAction(Object(CInlineAction))
#16 /usr/share/yii/framework/web/filters/CFilter.php(41): CFilterChain->run()
#17 /usr/share/yii/framework/web/CController.php(1146): CFilter->filter(Object(CFilterChain))
#18 /usr/share/yii/framework/web/filters/CInlineFilter.php(59): CController->filterAccessControl(Object(CFilterChain))
#19 /usr/share/yii/framework/web/filters/CFilterChain.php(131): CInlineFilter->filter(Object(CFilterChain))
#20 /usr/share/yii/framework/web/CController.php(292): CFilterChain->run()
#21 /usr/share/yii/framework/web/CController.php(266): CController->runActionWithFilters(Object(CInlineAction), Array)
#22 /usr/share/yii/framework/web/CWebApplication.php(283): CController->run('create')
#23 /usr/share/yii/framework/web/CWebApplication.php(142): CWebApplication->runController('tipoConflicto/c...')
#24 /usr/share/yii/framework/base/CApplication.php(162): CWebApplication->processRequest()
#25 /opt/lampp/htdocs/escalaconflict/index.php(13): CApplication->run()
#26 {main}
REQUEST_URI=/escalaconflict/index.php/tipoConflicto/create
---
2012/12/02 02:37:52 [error] [exception.CException] exception 'CException' with message 'Property "EJuiAutoCompleteFkField.showFkField" is not defined.' in /usr/share/yii/framework/base/CComponent.php:174
Stack trace:
#0 /usr/share/yii/framework/web/CWidgetFactory.php(162): CComponent->__set('showFkField', true)
#1 /usr/share/yii/framework/web/CBaseController.php(147): CWidgetFactory->createWidget(Object(TipoConflictoController), 'EJuiAutoComplet...', Array)
#2 /usr/share/yii/framework/web/CBaseController.php(173): CBaseController->createWidget('EJuiAutoComplet...', Array)
#3 /opt/lampp/htdocs/escalaconflict/protected/views/tipoConflicto/_form.php(35): CBaseController->widget('EJuiAutoComplet...', Array)
#4 /usr/share/yii/framework/web/CBaseController.php(127): require('/opt/lampp/htdo...')
#5 /usr/share/yii/framework/web/CBaseController.php(96): CBaseController->renderInternal('/opt/lampp/htdo...', Array, true)
#6 /usr/share/yii/framework/web/CController.php(870): CBaseController->renderFile('/opt/lampp/htdo...', Array, true)
#7 /opt/lampp/htdocs/escalaconflict/protected/views/tipoConflicto/create.php(18): CController->renderPartial('_form', Array)
#8 /usr/share/yii/framework/web/CBaseController.php(127): require('/opt/lampp/htdo...')
#9 /usr/share/yii/framework/web/CBaseController.php(96): CBaseController->renderInternal('/opt/lampp/htdo...', Array, true)
#10 /usr/share/yii/framework/web/CController.php(870): CBaseController->renderFile('/opt/lampp/htdo...', Array, true)
#11 /usr/share/yii/framework/web/CController.php(783): CController->renderPartial('create', Array, true)
#12 /opt/lampp/htdocs/escalaconflict/protected/controllers/TipoConflictoController.php(79): CController->render('create', Array)
#13 /usr/share/yii/framework/web/actions/CInlineAction.php(50): TipoConflictoController->actionCreate()
#14 /usr/share/yii/framework/web/CController.php(309): CInlineAction->runWithParams(Array)
#15 /usr/share/yii/framework/web/filters/CFilterChain.php(134): CController->runAction(Object(CInlineAction))
#16 /usr/share/yii/framework/web/filters/CFilter.php(41): CFilterChain->run()
#17 /usr/share/yii/framework/web/CController.php(1146): CFilter->filter(Object(CFilterChain))
#18 /usr/share/yii/framework/web/filters/CInlineFilter.php(59): CController->filterAccessControl(Object(CFilterChain))
#19 /usr/share/yii/framework/web/filters/CFilterChain.php(131): CInlineFilter->filter(Object(CFilterChain))
#20 /usr/share/yii/framework/web/CController.php(292): CFilterChain->run()
#21 /usr/share/yii/framework/web/CController.php(266): CController->runActionWithFilters(Object(CInlineAction), Array)
#22 /usr/share/yii/framework/web/CWebApplication.php(283): CController->run('create')
#23 /usr/share/yii/framework/web/CWebApplication.php(142): CWebApplication->runController('tipoConflicto/c...')
#24 /usr/share/yii/framework/base/CApplication.php(162): CWebApplication->processRequest()
#25 /opt/lampp/htdocs/escalaconflict/index.php(13): CApplication->run()
#26 {main}
REQUEST_URI=/escalaconflict/index.php/tipoConflicto/create
---
2012/12/02 02:37:52 [error] [exception.CException] exception 'CException' with message 'Property "EJuiAutoCompleteFkField.showFkField" is not defined.' in /usr/share/yii/framework/base/CComponent.php:174
Stack trace:
#0 /usr/share/yii/framework/web/CWidgetFactory.php(162): CComponent->__set('showFkField', true)
#1 /usr/share/yii/framework/web/CBaseController.php(147): CWidgetFactory->createWidget(Object(TipoConflictoController), 'EJuiAutoComplet...', Array)
#2 /usr/share/yii/framework/web/CBaseController.php(173): CBaseController->createWidget('EJuiAutoComplet...', Array)
#3 /opt/lampp/htdocs/escalaconflict/protected/views/tipoConflicto/_form.php(35): CBaseController->widget('EJuiAutoComplet...', Array)
#4 /usr/share/yii/framework/web/CBaseController.php(127): require('/opt/lampp/htdo...')
#5 /usr/share/yii/framework/web/CBaseController.php(96): CBaseController->renderInternal('/opt/lampp/htdo...', Array, true)
#6 /usr/share/yii/framework/web/CController.php(870): CBaseController->renderFile('/opt/lampp/htdo...', Array, true)
#7 /opt/lampp/htdocs/escalaconflict/protected/views/tipoConflicto/create.php(18): CController->renderPartial('_form', Array)
#8 /usr/share/yii/framework/web/CBaseController.php(127): require('/opt/lampp/htdo...')
#9 /usr/share/yii/framework/web/CBaseController.php(96): CBaseController->renderInternal('/opt/lampp/htdo...', Array, true)
#10 /usr/share/yii/framework/web/CController.php(870): CBaseController->renderFile('/opt/lampp/htdo...', Array, true)
#11 /usr/share/yii/framework/web/CController.php(783): CController->renderPartial('create', Array, true)
#12 /opt/lampp/htdocs/escalaconflict/protected/controllers/TipoConflictoController.php(79): CController->render('create', Array)
#13 /usr/share/yii/framework/web/actions/CInlineAction.php(50): TipoConflictoController->actionCreate()
#14 /usr/share/yii/framework/web/CController.php(309): CInlineAction->runWithParams(Array)
#15 /usr/share/yii/framework/web/filters/CFilterChain.php(134): CController->runAction(Object(CInlineAction))
#16 /usr/share/yii/framework/web/filters/CFilter.php(41): CFilterChain->run()
#17 /usr/share/yii/framework/web/CController.php(1146): CFilter->filter(Object(CFilterChain))
#18 /usr/share/yii/framework/web/filters/CInlineFilter.php(59): CController->filterAccessControl(Object(CFilterChain))
#19 /usr/share/yii/framework/web/filters/CFilterChain.php(131): CInlineFilter->filter(Object(CFilterChain))
#20 /usr/share/yii/framework/web/CController.php(292): CFilterChain->run()
#21 /usr/share/yii/framework/web/CController.php(266): CController->runActionWithFilters(Object(CInlineAction), Array)
#22 /usr/share/yii/framework/web/CWebApplication.php(283): CController->run('create')
#23 /usr/share/yii/framework/web/CWebApplication.php(142): CWebApplication->runController('tipoConflicto/c...')
#24 /usr/share/yii/framework/base/CApplication.php(162): CWebApplication->processRequest()
#25 /opt/lampp/htdocs/escalaconflict/index.php(13): CApplication->run()
#26 {main}
REQUEST_URI=/escalaconflict/index.php/tipoConflicto/create
---
2012/12/02 02:37:53 [error] [exception.CException] exception 'CException' with message 'Property "EJuiAutoCompleteFkField.showFkField" is not defined.' in /usr/share/yii/framework/base/CComponent.php:174
Stack trace:
#0 /usr/share/yii/framework/web/CWidgetFactory.php(162): CComponent->__set('showFkField', true)
#1 /usr/share/yii/framework/web/CBaseController.php(147): CWidgetFactory->createWidget(Object(TipoConflictoController), 'EJuiAutoComplet...', Array)
#2 /usr/share/yii/framework/web/CBaseController.php(173): CBaseController->createWidget('EJuiAutoComplet...', Array)
#3 /opt/lampp/htdocs/escalaconflict/protected/views/tipoConflicto/_form.php(35): CBaseController->widget('EJuiAutoComplet...', Array)
#4 /usr/share/yii/framework/web/CBaseController.php(127): require('/opt/lampp/htdo...')
#5 /usr/share/yii/framework/web/CBaseController.php(96): CBaseController->renderInternal('/opt/lampp/htdo...', Array, true)
#6 /usr/share/yii/framework/web/CController.php(870): CBaseController->renderFile('/opt/lampp/htdo...', Array, true)
#7 /opt/lampp/htdocs/escalaconflict/protected/views/tipoConflicto/create.php(18): CController->renderPartial('_form', Array)
#8 /usr/share/yii/framework/web/CBaseController.php(127): require('/opt/lampp/htdo...')
#9 /usr/share/yii/framework/web/CBaseController.php(96): CBaseController->renderInternal('/opt/lampp/htdo...', Array, true)
#10 /usr/share/yii/framework/web/CController.php(870): CBaseController->renderFile('/opt/lampp/htdo...', Array, true)
#11 /usr/share/yii/framework/web/CController.php(783): CController->renderPartial('create', Array, true)
#12 /opt/lampp/htdocs/escalaconflict/protected/controllers/TipoConflictoController.php(79): CController->render('create', Array)
#13 /usr/share/yii/framework/web/actions/CInlineAction.php(50): TipoConflictoController->actionCreate()
#14 /usr/share/yii/framework/web/CController.php(309): CInlineAction->runWithParams(Array)
#15 /usr/share/yii/framework/web/filters/CFilterChain.php(134): CController->runAction(Object(CInlineAction))
#16 /usr/share/yii/framework/web/filters/CFilter.php(41): CFilterChain->run()
#17 /usr/share/yii/framework/web/CController.php(1146): CFilter->filter(Object(CFilterChain))
#18 /usr/share/yii/framework/web/filters/CInlineFilter.php(59): CController->filterAccessControl(Object(CFilterChain))
#19 /usr/share/yii/framework/web/filters/CFilterChain.php(131): CInlineFilter->filter(Object(CFilterChain))
#20 /usr/share/yii/framework/web/CController.php(292): CFilterChain->run()
#21 /usr/share/yii/framework/web/CController.php(266): CController->runActionWithFilters(Object(CInlineAction), Array)
#22 /usr/share/yii/framework/web/CWebApplication.php(283): CController->run('create')
#23 /usr/share/yii/framework/web/CWebApplication.php(142): CWebApplication->runController('tipoConflicto/c...')
#24 /usr/share/yii/framework/base/CApplication.php(162): CWebApplication->processRequest()
#25 /opt/lampp/htdocs/escalaconflict/index.php(13): CApplication->run()
#26 {main}
REQUEST_URI=/escalaconflict/index.php/tipoConflicto/create
---
2012/12/02 02:39:26 [error] [exception.CException] exception 'CException' with message 'Property "EJuiAutoCompleteFkField.showFkField" is not defined.' in /usr/share/yii/framework/base/CComponent.php:174
Stack trace:
#0 /usr/share/yii/framework/web/CWidgetFactory.php(162): CComponent->__set('showFkField', true)
#1 /usr/share/yii/framework/web/CBaseController.php(147): CWidgetFactory->createWidget(Object(TipoConflictoController), 'EJuiAutoComplet...', Array)
#2 /usr/share/yii/framework/web/CBaseController.php(173): CBaseController->createWidget('EJuiAutoComplet...', Array)
#3 /opt/lampp/htdocs/escalaconflict/protected/views/tipoConflicto/_form.php(35): CBaseController->widget('EJuiAutoComplet...', Array)
#4 /usr/share/yii/framework/web/CBaseController.php(127): require('/opt/lampp/htdo...')
#5 /usr/share/yii/framework/web/CBaseController.php(96): CBaseController->renderInternal('/opt/lampp/htdo...', Array, true)
#6 /usr/share/yii/framework/web/CController.php(870): CBaseController->renderFile('/opt/lampp/htdo...', Array, true)
#7 /opt/lampp/htdocs/escalaconflict/protected/views/tipoConflicto/create.php(18): CController->renderPartial('_form', Array)
#8 /usr/share/yii/framework/web/CBaseController.php(127): require('/opt/lampp/htdo...')
#9 /usr/share/yii/framework/web/CBaseController.php(96): CBaseController->renderInternal('/opt/lampp/htdo...', Array, true)
#10 /usr/share/yii/framework/web/CController.php(870): CBaseController->renderFile('/opt/lampp/htdo...', Array, true)
#11 /usr/share/yii/framework/web/CController.php(783): CController->renderPartial('create', Array, true)
#12 /opt/lampp/htdocs/escalaconflict/protected/controllers/TipoConflictoController.php(79): CController->render('create', Array)
#13 /usr/share/yii/framework/web/actions/CInlineAction.php(50): TipoConflictoController->actionCreate()
#14 /usr/share/yii/framework/web/CController.php(309): CInlineAction->runWithParams(Array)
#15 /usr/share/yii/framework/web/filters/CFilterChain.php(134): CController->runAction(Object(CInlineAction))
#16 /usr/share/yii/framework/web/filters/CFilter.php(41): CFilterChain->run()
#17 /usr/share/yii/framework/web/CController.php(1146): CFilter->filter(Object(CFilterChain))
#18 /usr/share/yii/framework/web/filters/CInlineFilter.php(59): CController->filterAccessControl(Object(CFilterChain))
#19 /usr/share/yii/framework/web/filters/CFilterChain.php(131): CInlineFilter->filter(Object(CFilterChain))
#20 /usr/share/yii/framework/web/CController.php(292): CFilterChain->run()
#21 /usr/share/yii/framework/web/CController.php(266): CController->runActionWithFilters(Object(CInlineAction), Array)
#22 /usr/share/yii/framework/web/CWebApplication.php(283): CController->run('create')
#23 /usr/share/yii/framework/web/CWebApplication.php(142): CWebApplication->runController('tipoConflicto/c...')
#24 /usr/share/yii/framework/base/CApplication.php(162): CWebApplication->processRequest()
#25 /opt/lampp/htdocs/escalaconflict/index.php(13): CApplication->run()
#26 {main}
REQUEST_URI=/escalaconflict/index.php/tipoConflicto/create
---
2012/12/02 02:39:26 [error] [exception.CException] exception 'CException' with message 'Property "EJuiAutoCompleteFkField.showFkField" is not defined.' in /usr/share/yii/framework/base/CComponent.php:174
Stack trace:
#0 /usr/share/yii/framework/web/CWidgetFactory.php(162): CComponent->__set('showFkField', true)
#1 /usr/share/yii/framework/web/CBaseController.php(147): CWidgetFactory->createWidget(Object(TipoConflictoController), 'EJuiAutoComplet...', Array)
#2 /usr/share/yii/framework/web/CBaseController.php(173): CBaseController->createWidget('EJuiAutoComplet...', Array)
#3 /opt/lampp/htdocs/escalaconflict/protected/views/tipoConflicto/_form.php(35): CBaseController->widget('EJuiAutoComplet...', Array)
#4 /usr/share/yii/framework/web/CBaseController.php(127): require('/opt/lampp/htdo...')
#5 /usr/share/yii/framework/web/CBaseController.php(96): CBaseController->renderInternal('/opt/lampp/htdo...', Array, true)
#6 /usr/share/yii/framework/web/CController.php(870): CBaseController->renderFile('/opt/lampp/htdo...', Array, true)
#7 /opt/lampp/htdocs/escalaconflict/protected/views/tipoConflicto/create.php(18): CController->renderPartial('_form', Array)
#8 /usr/share/yii/framework/web/CBaseController.php(127): require('/opt/lampp/htdo...')
#9 /usr/share/yii/framework/web/CBaseController.php(96): CBaseController->renderInternal('/opt/lampp/htdo...', Array, true)
#10 /usr/share/yii/framework/web/CController.php(870): CBaseController->renderFile('/opt/lampp/htdo...', Array, true)
#11 /usr/share/yii/framework/web/CController.php(783): CController->renderPartial('create', Array, true)
#12 /opt/lampp/htdocs/escalaconflict/protected/controllers/TipoConflictoController.php(79): CController->render('create', Array)
#13 /usr/share/yii/framework/web/actions/CInlineAction.php(50): TipoConflictoController->actionCreate()
#14 /usr/share/yii/framework/web/CController.php(309): CInlineAction->runWithParams(Array)
#15 /usr/share/yii/framework/web/filters/CFilterChain.php(134): CController->runAction(Object(CInlineAction))
#16 /usr/share/yii/framework/web/filters/CFilter.php(41): CFilterChain->run()
#17 /usr/share/yii/framework/web/CController.php(1146): CFilter->filter(Object(CFilterChain))
#18 /usr/share/yii/framework/web/filters/CInlineFilter.php(59): CController->filterAccessControl(Object(CFilterChain))
#19 /usr/share/yii/framework/web/filters/CFilterChain.php(131): CInlineFilter->filter(Object(CFilterChain))
#20 /usr/share/yii/framework/web/CController.php(292): CFilterChain->run()
#21 /usr/share/yii/framework/web/CController.php(266): CController->runActionWithFilters(Object(CInlineAction), Array)
#22 /usr/share/yii/framework/web/CWebApplication.php(283): CController->run('create')
#23 /usr/share/yii/framework/web/CWebApplication.php(142): CWebApplication->runController('tipoConflicto/c...')
#24 /usr/share/yii/framework/base/CApplication.php(162): CWebApplication->processRequest()
#25 /opt/lampp/htdocs/escalaconflict/index.php(13): CApplication->run()
#26 {main}
REQUEST_URI=/escalaconflict/index.php/tipoConflicto/create
---
2012/12/02 02:39:27 [error] [exception.CException] exception 'CException' with message 'Property "EJuiAutoCompleteFkField.showFkField" is not defined.' in /usr/share/yii/framework/base/CComponent.php:174
Stack trace:
#0 /usr/share/yii/framework/web/CWidgetFactory.php(162): CComponent->__set('showFkField', true)
#1 /usr/share/yii/framework/web/CBaseController.php(147): CWidgetFactory->createWidget(Object(TipoConflictoController), 'EJuiAutoComplet...', Array)
#2 /usr/share/yii/framework/web/CBaseController.php(173): CBaseController->createWidget('EJuiAutoComplet...', Array)
#3 /opt/lampp/htdocs/escalaconflict/protected/views/tipoConflicto/_form.php(35): CBaseController->widget('EJuiAutoComplet...', Array)
#4 /usr/share/yii/framework/web/CBaseController.php(127): require('/opt/lampp/htdo...')
#5 /usr/share/yii/framework/web/CBaseController.php(96): CBaseController->renderInternal('/opt/lampp/htdo...', Array, true)
#6 /usr/share/yii/framework/web/CController.php(870): CBaseController->renderFile('/opt/lampp/htdo...', Array, true)
#7 /opt/lampp/htdocs/escalaconflict/protected/views/tipoConflicto/create.php(18): CController->renderPartial('_form', Array)
#8 /usr/share/yii/framework/web/CBaseController.php(127): require('/opt/lampp/htdo...')
#9 /usr/share/yii/framework/web/CBaseController.php(96): CBaseController->renderInternal('/opt/lampp/htdo...', Array, true)
#10 /usr/share/yii/framework/web/CController.php(870): CBaseController->renderFile('/opt/lampp/htdo...', Array, true)
#11 /usr/share/yii/framework/web/CController.php(783): CController->renderPartial('create', Array, true)
#12 /opt/lampp/htdocs/escalaconflict/protected/controllers/TipoConflictoController.php(79): CController->render('create', Array)
#13 /usr/share/yii/framework/web/actions/CInlineAction.php(50): TipoConflictoController->actionCreate()
#14 /usr/share/yii/framework/web/CController.php(309): CInlineAction->runWithParams(Array)
#15 /usr/share/yii/framework/web/filters/CFilterChain.php(134): CController->runAction(Object(CInlineAction))
#16 /usr/share/yii/framework/web/filters/CFilter.php(41): CFilterChain->run()
#17 /usr/share/yii/framework/web/CController.php(1146): CFilter->filter(Object(CFilterChain))
#18 /usr/share/yii/framework/web/filters/CInlineFilter.php(59): CController->filterAccessControl(Object(CFilterChain))
#19 /usr/share/yii/framework/web/filters/CFilterChain.php(131): CInlineFilter->filter(Object(CFilterChain))
#20 /usr/share/yii/framework/web/CController.php(292): CFilterChain->run()
#21 /usr/share/yii/framework/web/CController.php(266): CController->runActionWithFilters(Object(CInlineAction), Array)
#22 /usr/share/yii/framework/web/CWebApplication.php(283): CController->run('create')
#23 /usr/share/yii/framework/web/CWebApplication.php(142): CWebApplication->runController('tipoConflicto/c...')
#24 /usr/share/yii/framework/base/CApplication.php(162): CWebApplication->processRequest()
#25 /opt/lampp/htdocs/escalaconflict/index.php(13): CApplication->run()
#26 {main}
REQUEST_URI=/escalaconflict/index.php/tipoConflicto/create
---
2012/12/02 02:39:28 [error] [exception.CException] exception 'CException' with message 'Property "EJuiAutoCompleteFkField.showFkField" is not defined.' in /usr/share/yii/framework/base/CComponent.php:174
Stack trace:
#0 /usr/share/yii/framework/web/CWidgetFactory.php(162): CComponent->__set('showFkField', true)
#1 /usr/share/yii/framework/web/CBaseController.php(147): CWidgetFactory->createWidget(Object(TipoConflictoController), 'EJuiAutoComplet...', Array)
#2 /usr/share/yii/framework/web/CBaseController.php(173): CBaseController->createWidget('EJuiAutoComplet...', Array)
#3 /opt/lampp/htdocs/escalaconflict/protected/views/tipoConflicto/_form.php(35): CBaseController->widget('EJuiAutoComplet...', Array)
#4 /usr/share/yii/framework/web/CBaseController.php(127): require('/opt/lampp/htdo...')
#5 /usr/share/yii/framework/web/CBaseController.php(96): CBaseController->renderInternal('/opt/lampp/htdo...', Array, true)
#6 /usr/share/yii/framework/web/CController.php(870): CBaseController->renderFile('/opt/lampp/htdo...', Array, true)
#7 /opt/lampp/htdocs/escalaconflict/protected/views/tipoConflicto/create.php(18): CController->renderPartial('_form', Array)
#8 /usr/share/yii/framework/web/CBaseController.php(127): require('/opt/lampp/htdo...')
#9 /usr/share/yii/framework/web/CBaseController.php(96): CBaseController->renderInternal('/opt/lampp/htdo...', Array, true)
#10 /usr/share/yii/framework/web/CController.php(870): CBaseController->renderFile('/opt/lampp/htdo...', Array, true)
#11 /usr/share/yii/framework/web/CController.php(783): CController->renderPartial('create', Array, true)
#12 /opt/lampp/htdocs/escalaconflict/protected/controllers/TipoConflictoController.php(79): CController->render('create', Array)
#13 /usr/share/yii/framework/web/actions/CInlineAction.php(50): TipoConflictoController->actionCreate()
#14 /usr/share/yii/framework/web/CController.php(309): CInlineAction->runWithParams(Array)
#15 /usr/share/yii/framework/web/filters/CFilterChain.php(134): CController->runAction(Object(CInlineAction))
#16 /usr/share/yii/framework/web/filters/CFilter.php(41): CFilterChain->run()
#17 /usr/share/yii/framework/web/CController.php(1146): CFilter->filter(Object(CFilterChain))
#18 /usr/share/yii/framework/web/filters/CInlineFilter.php(59): CController->filterAccessControl(Object(CFilterChain))
#19 /usr/share/yii/framework/web/filters/CFilterChain.php(131): CInlineFilter->filter(Object(CFilterChain))
#20 /usr/share/yii/framework/web/CController.php(292): CFilterChain->run()
#21 /usr/share/yii/framework/web/CController.php(266): CController->runActionWithFilters(Object(CInlineAction), Array)
#22 /usr/share/yii/framework/web/CWebApplication.php(283): CController->run('create')
#23 /usr/share/yii/framework/web/CWebApplication.php(142): CWebApplication->runController('tipoConflicto/c...')
#24 /usr/share/yii/framework/base/CApplication.php(162): CWebApplication->processRequest()
#25 /opt/lampp/htdocs/escalaconflict/index.php(13): CApplication->run()
#26 {main}
REQUEST_URI=/escalaconflict/index.php/tipoConflicto/create
---
2012/12/02 02:50:07 [error] [exception.CException] exception 'CException' with message 'Property "EJuiAutoCompleteFkField.showFkField" is not defined.' in /usr/share/yii/framework/base/CComponent.php:174
Stack trace:
#0 /usr/share/yii/framework/web/CWidgetFactory.php(162): CComponent->__set('showFkField', true)
#1 /usr/share/yii/framework/web/CBaseController.php(147): CWidgetFactory->createWidget(Object(TipoConflictoController), 'EJuiAutoComplet...', Array)
#2 /usr/share/yii/framework/web/CBaseController.php(173): CBaseController->createWidget('EJuiAutoComplet...', Array)
#3 /opt/lampp/htdocs/escalaconflict/protected/views/tipoConflicto/_form.php(35): CBaseController->widget('EJuiAutoComplet...', Array)
#4 /usr/share/yii/framework/web/CBaseController.php(127): require('/opt/lampp/htdo...')
#5 /usr/share/yii/framework/web/CBaseController.php(96): CBaseController->renderInternal('/opt/lampp/htdo...', Array, true)
#6 /usr/share/yii/framework/web/CController.php(870): CBaseController->renderFile('/opt/lampp/htdo...', Array, true)
#7 /opt/lampp/htdocs/escalaconflict/protected/views/tipoConflicto/create.php(18): CController->renderPartial('_form', Array)
#8 /usr/share/yii/framework/web/CBaseController.php(127): require('/opt/lampp/htdo...')
#9 /usr/share/yii/framework/web/CBaseController.php(96): CBaseController->renderInternal('/opt/lampp/htdo...', Array, true)
#10 /usr/share/yii/framework/web/CController.php(870): CBaseController->renderFile('/opt/lampp/htdo...', Array, true)
#11 /usr/share/yii/framework/web/CController.php(783): CController->renderPartial('create', Array, true)
#12 /opt/lampp/htdocs/escalaconflict/protected/controllers/TipoConflictoController.php(79): CController->render('create', Array)
#13 /usr/share/yii/framework/web/actions/CInlineAction.php(50): TipoConflictoController->actionCreate()
#14 /usr/share/yii/framework/web/CController.php(309): CInlineAction->runWithParams(Array)
#15 /usr/share/yii/framework/web/filters/CFilterChain.php(134): CController->runAction(Object(CInlineAction))
#16 /usr/share/yii/framework/web/filters/CFilter.php(41): CFilterChain->run()
#17 /usr/share/yii/framework/web/CController.php(1146): CFilter->filter(Object(CFilterChain))
#18 /usr/share/yii/framework/web/filters/CInlineFilter.php(59): CController->filterAccessControl(Object(CFilterChain))
#19 /usr/share/yii/framework/web/filters/CFilterChain.php(131): CInlineFilter->filter(Object(CFilterChain))
#20 /usr/share/yii/framework/web/CController.php(292): CFilterChain->run()
#21 /usr/share/yii/framework/web/CController.php(266): CController->runActionWithFilters(Object(CInlineAction), Array)
#22 /usr/share/yii/framework/web/CWebApplication.php(283): CController->run('create')
#23 /usr/share/yii/framework/web/CWebApplication.php(142): CWebApplication->runController('tipoConflicto/c...')
#24 /usr/share/yii/framework/base/CApplication.php(162): CWebApplication->processRequest()
#25 /opt/lampp/htdocs/escalaconflict/index.php(13): CApplication->run()
#26 {main}
REQUEST_URI=/escalaconflict/index.php/tipoConflicto/create
---
2012/12/02 02:50:08 [error] [exception.CException] exception 'CException' with message 'Property "EJuiAutoCompleteFkField.showFkField" is not defined.' in /usr/share/yii/framework/base/CComponent.php:174
Stack trace:
#0 /usr/share/yii/framework/web/CWidgetFactory.php(162): CComponent->__set('showFkField', true)
#1 /usr/share/yii/framework/web/CBaseController.php(147): CWidgetFactory->createWidget(Object(TipoConflictoController), 'EJuiAutoComplet...', Array)
#2 /usr/share/yii/framework/web/CBaseController.php(173): CBaseController->createWidget('EJuiAutoComplet...', Array)
#3 /opt/lampp/htdocs/escalaconflict/protected/views/tipoConflicto/_form.php(35): CBaseController->widget('EJuiAutoComplet...', Array)
#4 /usr/share/yii/framework/web/CBaseController.php(127): require('/opt/lampp/htdo...')
#5 /usr/share/yii/framework/web/CBaseController.php(96): CBaseController->renderInternal('/opt/lampp/htdo...', Array, true)
#6 /usr/share/yii/framework/web/CController.php(870): CBaseController->renderFile('/opt/lampp/htdo...', Array, true)
#7 /opt/lampp/htdocs/escalaconflict/protected/views/tipoConflicto/create.php(18): CController->renderPartial('_form', Array)
#8 /usr/share/yii/framework/web/CBaseController.php(127): require('/opt/lampp/htdo...')
#9 /usr/share/yii/framework/web/CBaseController.php(96): CBaseController->renderInternal('/opt/lampp/htdo...', Array, true)
#10 /usr/share/yii/framework/web/CController.php(870): CBaseController->renderFile('/opt/lampp/htdo...', Array, true)
#11 /usr/share/yii/framework/web/CController.php(783): CController->renderPartial('create', Array, true)
#12 /opt/lampp/htdocs/escalaconflict/protected/controllers/TipoConflictoController.php(79): CController->render('create', Array)
#13 /usr/share/yii/framework/web/actions/CInlineAction.php(50): TipoConflictoController->actionCreate()
#14 /usr/share/yii/framework/web/CController.php(309): CInlineAction->runWithParams(Array)
#15 /usr/share/yii/framework/web/filters/CFilterChain.php(134): CController->runAction(Object(CInlineAction))
#16 /usr/share/yii/framework/web/filters/CFilter.php(41): CFilterChain->run()
#17 /usr/share/yii/framework/web/CController.php(1146): CFilter->filter(Object(CFilterChain))
#18 /usr/share/yii/framework/web/filters/CInlineFilter.php(59): CController->filterAccessControl(Object(CFilterChain))
#19 /usr/share/yii/framework/web/filters/CFilterChain.php(131): CInlineFilter->filter(Object(CFilterChain))
#20 /usr/share/yii/framework/web/CController.php(292): CFilterChain->run()
#21 /usr/share/yii/framework/web/CController.php(266): CController->runActionWithFilters(Object(CInlineAction), Array)
#22 /usr/share/yii/framework/web/CWebApplication.php(283): CController->run('create')
#23 /usr/share/yii/framework/web/CWebApplication.php(142): CWebApplication->runController('tipoConflicto/c...')
#24 /usr/share/yii/framework/base/CApplication.php(162): CWebApplication->processRequest()
#25 /opt/lampp/htdocs/escalaconflict/index.php(13): CApplication->run()
#26 {main}
REQUEST_URI=/escalaconflict/index.php/tipoConflicto/create
---
2012/12/02 02:53:51 [error] [exception.CException] exception 'CException' with message 'Property "EJuiAutoCompleteFkField.showFkField" is not defined.' in /usr/share/yii/framework/base/CComponent.php:174
Stack trace:
#0 /usr/share/yii/framework/web/CWidgetFactory.php(162): CComponent->__set('showFkField', true)
#1 /usr/share/yii/framework/web/CBaseController.php(147): CWidgetFactory->createWidget(Object(TipoConflictoController), 'EJuiAutoComplet...', Array)
#2 /usr/share/yii/framework/web/CBaseController.php(173): CBaseController->createWidget('EJuiAutoComplet...', Array)
#3 /opt/lampp/htdocs/escalaconflict/protected/views/tipoConflicto/_form.php(32): CBaseController->widget('EJuiAutoComplet...', Array)
#4 /usr/share/yii/framework/web/CBaseController.php(127): require('/opt/lampp/htdo...')
#5 /usr/share/yii/framework/web/CBaseController.php(96): CBaseController->renderInternal('/opt/lampp/htdo...', Array, true)
#6 /usr/share/yii/framework/web/CController.php(870): CBaseController->renderFile('/opt/lampp/htdo...', Array, true)
#7 /opt/lampp/htdocs/escalaconflict/protected/views/tipoConflicto/create.php(18): CController->renderPartial('_form', Array)
#8 /usr/share/yii/framework/web/CBaseController.php(127): require('/opt/lampp/htdo...')
#9 /usr/share/yii/framework/web/CBaseController.php(96): CBaseController->renderInternal('/opt/lampp/htdo...', Array, true)
#10 /usr/share/yii/framework/web/CController.php(870): CBaseController->renderFile('/opt/lampp/htdo...', Array, true)
#11 /usr/share/yii/framework/web/CController.php(783): CController->renderPartial('create', Array, true)
#12 /opt/lampp/htdocs/escalaconflict/protected/controllers/TipoConflictoController.php(79): CController->render('create', Array)
#13 /usr/share/yii/framework/web/actions/CInlineAction.php(50): TipoConflictoController->actionCreate()
#14 /usr/share/yii/framework/web/CController.php(309): CInlineAction->runWithParams(Array)
#15 /usr/share/yii/framework/web/filters/CFilterChain.php(134): CController->runAction(Object(CInlineAction))
#16 /usr/share/yii/framework/web/filters/CFilter.php(41): CFilterChain->run()
#17 /usr/share/yii/framework/web/CController.php(1146): CFilter->filter(Object(CFilterChain))
#18 /usr/share/yii/framework/web/filters/CInlineFilter.php(59): CController->filterAccessControl(Object(CFilterChain))
#19 /usr/share/yii/framework/web/filters/CFilterChain.php(131): CInlineFilter->filter(Object(CFilterChain))
#20 /usr/share/yii/framework/web/CController.php(292): CFilterChain->run()
#21 /usr/share/yii/framework/web/CController.php(266): CController->runActionWithFilters(Object(CInlineAction), Array)
#22 /usr/share/yii/framework/web/CWebApplication.php(283): CController->run('create')
#23 /usr/share/yii/framework/web/CWebApplication.php(142): CWebApplication->runController('tipoConflicto/c...')
#24 /usr/share/yii/framework/base/CApplication.php(162): CWebApplication->processRequest()
#25 /opt/lampp/htdocs/escalaconflict/index.php(13): CApplication->run()
#26 {main}
REQUEST_URI=/escalaconflict/index.php/tipoConflicto/create
---
2012/12/02 02:55:02 [error] [exception.CException] exception 'CException' with message 'Property "EJuiAutoCompleteFkField.autoCompleteLenght" is not defined.' in /usr/share/yii/framework/base/CComponent.php:174
Stack trace:
#0 /usr/share/yii/framework/web/CWidgetFactory.php(162): CComponent->__set('autoCompleteLen...', 60)
#1 /usr/share/yii/framework/web/CBaseController.php(147): CWidgetFactory->createWidget(Object(TipoConflictoController), 'EJuiAutoComplet...', Array)
#2 /usr/share/yii/framework/web/CBaseController.php(173): CBaseController->createWidget('EJuiAutoComplet...', Array)
#3 /opt/lampp/htdocs/escalaconflict/protected/views/tipoConflicto/_form.php(32): CBaseController->widget('EJuiAutoComplet...', Array)
#4 /usr/share/yii/framework/web/CBaseController.php(127): require('/opt/lampp/htdo...')
#5 /usr/share/yii/framework/web/CBaseController.php(96): CBaseController->renderInternal('/opt/lampp/htdo...', Array, true)
#6 /usr/share/yii/framework/web/CController.php(870): CBaseController->renderFile('/opt/lampp/htdo...', Array, true)
#7 /opt/lampp/htdocs/escalaconflict/protected/views/tipoConflicto/create.php(18): CController->renderPartial('_form', Array)
#8 /usr/share/yii/framework/web/CBaseController.php(127): require('/opt/lampp/htdo...')
#9 /usr/share/yii/framework/web/CBaseController.php(96): CBaseController->renderInternal('/opt/lampp/htdo...', Array, true)
#10 /usr/share/yii/framework/web/CController.php(870): CBaseController->renderFile('/opt/lampp/htdo...', Array, true)
#11 /usr/share/yii/framework/web/CController.php(783): CController->renderPartial('create', Array, true)
#12 /opt/lampp/htdocs/escalaconflict/protected/controllers/TipoConflictoController.php(79): CController->render('create', Array)
#13 /usr/share/yii/framework/web/actions/CInlineAction.php(50): TipoConflictoController->actionCreate()
#14 /usr/share/yii/framework/web/CController.php(309): CInlineAction->runWithParams(Array)
#15 /usr/share/yii/framework/web/filters/CFilterChain.php(134): CController->runAction(Object(CInlineAction))
#16 /usr/share/yii/framework/web/filters/CFilter.php(41): CFilterChain->run()
#17 /usr/share/yii/framework/web/CController.php(1146): CFilter->filter(Object(CFilterChain))
#18 /usr/share/yii/framework/web/filters/CInlineFilter.php(59): CController->filterAccessControl(Object(CFilterChain))
#19 /usr/share/yii/framework/web/filters/CFilterChain.php(131): CInlineFilter->filter(Object(CFilterChain))
#20 /usr/share/yii/framework/web/CController.php(292): CFilterChain->run()
#21 /usr/share/yii/framework/web/CController.php(266): CController->runActionWithFilters(Object(CInlineAction), Array)
#22 /usr/share/yii/framework/web/CWebApplication.php(283): CController->run('create')
#23 /usr/share/yii/framework/web/CWebApplication.php(142): CWebApplication->runController('tipoConflicto/c...')
#24 /usr/share/yii/framework/base/CApplication.php(162): CWebApplication->processRequest()
#25 /opt/lampp/htdocs/escalaconflict/index.php(13): CApplication->run()
#26 {main}
REQUEST_URI=/escalaconflict/index.php/tipoConflicto/create
---
2012/12/02 02:55:03 [error] [exception.CException] exception 'CException' with message 'Property "EJuiAutoCompleteFkField.autoCompleteLenght" is not defined.' in /usr/share/yii/framework/base/CComponent.php:174
Stack trace:
#0 /usr/share/yii/framework/web/CWidgetFactory.php(162): CComponent->__set('autoCompleteLen...', 60)
#1 /usr/share/yii/framework/web/CBaseController.php(147): CWidgetFactory->createWidget(Object(TipoConflictoController), 'EJuiAutoComplet...', Array)
#2 /usr/share/yii/framework/web/CBaseController.php(173): CBaseController->createWidget('EJuiAutoComplet...', Array)
#3 /opt/lampp/htdocs/escalaconflict/protected/views/tipoConflicto/_form.php(32): CBaseController->widget('EJuiAutoComplet...', Array)
#4 /usr/share/yii/framework/web/CBaseController.php(127): require('/opt/lampp/htdo...')
#5 /usr/share/yii/framework/web/CBaseController.php(96): CBaseController->renderInternal('/opt/lampp/htdo...', Array, true)
#6 /usr/share/yii/framework/web/CController.php(870): CBaseController->renderFile('/opt/lampp/htdo...', Array, true)
#7 /opt/lampp/htdocs/escalaconflict/protected/views/tipoConflicto/create.php(18): CController->renderPartial('_form', Array)
#8 /usr/share/yii/framework/web/CBaseController.php(127): require('/opt/lampp/htdo...')
#9 /usr/share/yii/framework/web/CBaseController.php(96): CBaseController->renderInternal('/opt/lampp/htdo...', Array, true)
#10 /usr/share/yii/framework/web/CController.php(870): CBaseController->renderFile('/opt/lampp/htdo...', Array, true)
#11 /usr/share/yii/framework/web/CController.php(783): CController->renderPartial('create', Array, true)
#12 /opt/lampp/htdocs/escalaconflict/protected/controllers/TipoConflictoController.php(79): CController->render('create', Array)
#13 /usr/share/yii/framework/web/actions/CInlineAction.php(50): TipoConflictoController->actionCreate()
#14 /usr/share/yii/framework/web/CController.php(309): CInlineAction->runWithParams(Array)
#15 /usr/share/yii/framework/web/filters/CFilterChain.php(134): CController->runAction(Object(CInlineAction))
#16 /usr/share/yii/framework/web/filters/CFilter.php(41): CFilterChain->run()
#17 /usr/share/yii/framework/web/CController.php(1146): CFilter->filter(Object(CFilterChain))
#18 /usr/share/yii/framework/web/filters/CInlineFilter.php(59): CController->filterAccessControl(Object(CFilterChain))
#19 /usr/share/yii/framework/web/filters/CFilterChain.php(131): CInlineFilter->filter(Object(CFilterChain))
#20 /usr/share/yii/framework/web/CController.php(292): CFilterChain->run()
#21 /usr/share/yii/framework/web/CController.php(266): CController->runActionWithFilters(Object(CInlineAction), Array)
#22 /usr/share/yii/framework/web/CWebApplication.php(283): CController->run('create')
#23 /usr/share/yii/framework/web/CWebApplication.php(142): CWebApplication->runController('tipoConflicto/c...')
#24 /usr/share/yii/framework/base/CApplication.php(162): CWebApplication->processRequest()
#25 /opt/lampp/htdocs/escalaconflict/index.php(13): CApplication->run()
#26 {main}
REQUEST_URI=/escalaconflict/index.php/tipoConflicto/create
---
2012/12/02 02:55:39 [error] [exception.CException] exception 'CException' with message 'Property "TipoConflicto.tblConflicto_id" is not defined.' in /usr/share/yii/framework/base/CComponent.php:131
Stack trace:
#0 /usr/share/yii/framework/db/ar/CActiveRecord.php(144): CComponent->__get('tblConflicto_id')
#1 /usr/share/yii/framework/web/helpers/CHtml.php(2158): CActiveRecord->__get('tblConflicto_id')
#2 /opt/lampp/htdocs/escalaconflict/protected/extensions/EJuiAutoCompleteFkField.php(188): CHtml::resolveValue(Object(TipoConflicto), 'tblConflicto_id')
#3 /usr/share/yii/framework/web/CBaseController.php(148): EJuiAutoCompleteFkField->init()
#4 /usr/share/yii/framework/web/CBaseController.php(173): CBaseController->createWidget('EJuiAutoComplet...', Array)
#5 /opt/lampp/htdocs/escalaconflict/protected/views/tipoConflicto/_form.php(32): CBaseController->widget('EJuiAutoComplet...', Array)
#6 /usr/share/yii/framework/web/CBaseController.php(127): require('/opt/lampp/htdo...')
#7 /usr/share/yii/framework/web/CBaseController.php(96): CBaseController->renderInternal('/opt/lampp/htdo...', Array, true)
#8 /usr/share/yii/framework/web/CController.php(870): CBaseController->renderFile('/opt/lampp/htdo...', Array, true)
#9 /opt/lampp/htdocs/escalaconflict/protected/views/tipoConflicto/create.php(18): CController->renderPartial('_form', Array)
#10 /usr/share/yii/framework/web/CBaseController.php(127): require('/opt/lampp/htdo...')
#11 /usr/share/yii/framework/web/CBaseController.php(96): CBaseController->renderInternal('/opt/lampp/htdo...', Array, true)
#12 /usr/share/yii/framework/web/CController.php(870): CBaseController->renderFile('/opt/lampp/htdo...', Array, true)
#13 /usr/share/yii/framework/web/CController.php(783): CController->renderPartial('create', Array, true)
#14 /opt/lampp/htdocs/escalaconflict/protected/controllers/TipoConflictoController.php(79): CController->render('create', Array)
#15 /usr/share/yii/framework/web/actions/CInlineAction.php(50): TipoConflictoController->actionCreate()
#16 /usr/share/yii/framework/web/CController.php(309): CInlineAction->runWithParams(Array)
#17 /usr/share/yii/framework/web/filters/CFilterChain.php(134): CController->runAction(Object(CInlineAction))
#18 /usr/share/yii/framework/web/filters/CFilter.php(41): CFilterChain->run()
#19 /usr/share/yii/framework/web/CController.php(1146): CFilter->filter(Object(CFilterChain))
#20 /usr/share/yii/framework/web/filters/CInlineFilter.php(59): CController->filterAccessControl(Object(CFilterChain))
#21 /usr/share/yii/framework/web/filters/CFilterChain.php(131): CInlineFilter->filter(Object(CFilterChain))
#22 /usr/share/yii/framework/web/CController.php(292): CFilterChain->run()
#23 /usr/share/yii/framework/web/CController.php(266): CController->runActionWithFilters(Object(CInlineAction), Array)
#24 /usr/share/yii/framework/web/CWebApplication.php(283): CController->run('create')
#25 /usr/share/yii/framework/web/CWebApplication.php(142): CWebApplication->runController('tipoConflicto/c...')
#26 /usr/share/yii/framework/base/CApplication.php(162): CWebApplication->processRequest()
#27 /opt/lampp/htdocs/escalaconflict/index.php(13): CApplication->run()
#28 {main}
REQUEST_URI=/escalaconflict/index.php/tipoConflicto/create
---
2012/12/02 02:57:11 [error] [exception.CHttpException.403] exception 'CHttpException' with message 'You are not authorized to perform this action.' in /usr/share/yii/framework/web/auth/CAccessControlFilter.php:170
Stack trace:
#0 /usr/share/yii/framework/web/auth/CAccessControlFilter.php(133): CAccessControlFilter->accessDenied(Object(CWebUser), 'You are not aut...')
#1 /usr/share/yii/framework/web/filters/CFilter.php(39): CAccessControlFilter->preFilter(Object(CFilterChain))
#2 /usr/share/yii/framework/web/CController.php(1146): CFilter->filter(Object(CFilterChain))
#3 /usr/share/yii/framework/web/filters/CInlineFilter.php(59): CController->filterAccessControl(Object(CFilterChain))
#4 /usr/share/yii/framework/web/filters/CFilterChain.php(131): CInlineFilter->filter(Object(CFilterChain))
#5 /usr/share/yii/framework/web/CController.php(292): CFilterChain->run()
#6 /usr/share/yii/framework/web/CController.php(266): CController->runActionWithFilters(Object(CInlineAction), Array)
#7 /usr/share/yii/framework/web/CWebApplication.php(283): CController->run('getCampos')
#8 /usr/share/yii/framework/web/CWebApplication.php(142): CWebApplication->runController('campoConflicto/...')
#9 /usr/share/yii/framework/base/CApplication.php(162): CWebApplication->processRequest()
#10 /opt/lampp/htdocs/escalaconflict/index.php(13): CApplication->run()
#11 {main}
REQUEST_URI=/escalaconflict/index.php/campoConflicto/getCampos?term=sda
---
2012/12/02 02:57:12 [error] [exception.CHttpException.403] exception 'CHttpException' with message 'You are not authorized to perform this action.' in /usr/share/yii/framework/web/auth/CAccessControlFilter.php:170
Stack trace:
#0 /usr/share/yii/framework/web/auth/CAccessControlFilter.php(133): CAccessControlFilter->accessDenied(Object(CWebUser), 'You are not aut...')
#1 /usr/share/yii/framework/web/filters/CFilter.php(39): CAccessControlFilter->preFilter(Object(CFilterChain))
#2 /usr/share/yii/framework/web/CController.php(1146): CFilter->filter(Object(CFilterChain))
#3 /usr/share/yii/framework/web/filters/CInlineFilter.php(59): CController->filterAccessControl(Object(CFilterChain))
#4 /usr/share/yii/framework/web/filters/CFilterChain.php(131): CInlineFilter->filter(Object(CFilterChain))
#5 /usr/share/yii/framework/web/CController.php(292): CFilterChain->run()
#6 /usr/share/yii/framework/web/CController.php(266): CController->runActionWithFilters(Object(CInlineAction), Array)
#7 /usr/share/yii/framework/web/CWebApplication.php(283): CController->run('getCampos')
#8 /usr/share/yii/framework/web/CWebApplication.php(142): CWebApplication->runController('campoConflicto/...')
#9 /usr/share/yii/framework/base/CApplication.php(162): CWebApplication->processRequest()
#10 /opt/lampp/htdocs/escalaconflict/index.php(13): CApplication->run()
#11 {main}
REQUEST_URI=/escalaconflict/index.php/campoConflicto/getCampos?term=sdasad
---
2012/12/02 02:57:13 [error] [exception.CHttpException.403] exception 'CHttpException' with message 'You are not authorized to perform this action.' in /usr/share/yii/framework/web/auth/CAccessControlFilter.php:170
Stack trace:
#0 /usr/share/yii/framework/web/auth/CAccessControlFilter.php(133): CAccessControlFilter->accessDenied(Object(CWebUser), 'You are not aut...')
#1 /usr/share/yii/framework/web/filters/CFilter.php(39): CAccessControlFilter->preFilter(Object(CFilterChain))
#2 /usr/share/yii/framework/web/CController.php(1146): CFilter->filter(Object(CFilterChain))
#3 /usr/share/yii/framework/web/filters/CInlineFilter.php(59): CController->filterAccessControl(Object(CFilterChain))
#4 /usr/share/yii/framework/web/filters/CFilterChain.php(131): CInlineFilter->filter(Object(CFilterChain))
#5 /usr/share/yii/framework/web/CController.php(292): CFilterChain->run()
#6 /usr/share/yii/framework/web/CController.php(266): CController->runActionWithFilters(Object(CInlineAction), Array)
#7 /usr/share/yii/framework/web/CWebApplication.php(283): CController->run('getCampos')
#8 /usr/share/yii/framework/web/CWebApplication.php(142): CWebApplication->runController('campoConflicto/...')
#9 /usr/share/yii/framework/base/CApplication.php(162): CWebApplication->processRequest()
#10 /opt/lampp/htdocs/escalaconflict/index.php(13): CApplication->run()
#11 {main}
REQUEST_URI=/escalaconflict/index.php/campoConflicto/getCampos?term=sdasads
---
2012/12/02 02:57:14 [error] [exception.CHttpException.403] exception 'CHttpException' with message 'You are not authorized to perform this action.' in /usr/share/yii/framework/web/auth/CAccessControlFilter.php:170
Stack trace:
#0 /usr/share/yii/framework/web/auth/CAccessControlFilter.php(133): CAccessControlFilter->accessDenied(Object(CWebUser), 'You are not aut...')
#1 /usr/share/yii/framework/web/filters/CFilter.php(39): CAccessControlFilter->preFilter(Object(CFilterChain))
#2 /usr/share/yii/framework/web/CController.php(1146): CFilter->filter(Object(CFilterChain))
#3 /usr/share/yii/framework/web/filters/CInlineFilter.php(59): CController->filterAccessControl(Object(CFilterChain))
#4 /usr/share/yii/framework/web/filters/CFilterChain.php(131): CInlineFilter->filter(Object(CFilterChain))
#5 /usr/share/yii/framework/web/CController.php(292): CFilterChain->run()
#6 /usr/share/yii/framework/web/CController.php(266): CController->runActionWithFilters(Object(CInlineAction), Array)
#7 /usr/share/yii/framework/web/CWebApplication.php(283): CController->run('getCampos')
#8 /usr/share/yii/framework/web/CWebApplication.php(142): CWebApplication->runController('campoConflicto/...')
#9 /usr/share/yii/framework/base/CApplication.php(162): CWebApplication->processRequest()
#10 /opt/lampp/htdocs/escalaconflict/index.php(13): CApplication->run()
#11 {main}
REQUEST_URI=/escalaconflict/index.php/campoConflicto/getCampos?term=sdasadsd
---
2012/12/02 02:57:25 [error] [exception.CHttpException.403] exception 'CHttpException' with message 'You are not authorized to perform this action.' in /usr/share/yii/framework/web/auth/CAccessControlFilter.php:170
Stack trace:
#0 /usr/share/yii/framework/web/auth/CAccessControlFilter.php(133): CAccessControlFilter->accessDenied(Object(CWebUser), 'You are not aut...')
#1 /usr/share/yii/framework/web/filters/CFilter.php(39): CAccessControlFilter->preFilter(Object(CFilterChain))
#2 /usr/share/yii/framework/web/CController.php(1146): CFilter->filter(Object(CFilterChain))
#3 /usr/share/yii/framework/web/filters/CInlineFilter.php(59): CController->filterAccessControl(Object(CFilterChain))
#4 /usr/share/yii/framework/web/filters/CFilterChain.php(131): CInlineFilter->filter(Object(CFilterChain))
#5 /usr/share/yii/framework/web/CController.php(292): CFilterChain->run()
#6 /usr/share/yii/framework/web/CController.php(266): CController->runActionWithFilters(Object(CInlineAction), Array)
#7 /usr/share/yii/framework/web/CWebApplication.php(283): CController->run('getCampos')
#8 /usr/share/yii/framework/web/CWebApplication.php(142): CWebApplication->runController('campoConflicto/...')
#9 /usr/share/yii/framework/base/CApplication.php(162): CWebApplication->processRequest()
#10 /opt/lampp/htdocs/escalaconflict/index.php(13): CApplication->run()
#11 {main}
REQUEST_URI=/escalaconflict/index.php/campoConflicto/getCampos?term=ab
---
2012/12/02 02:58:55 [error] [php] Undefined variable: p (/opt/lampp/htdocs/escalaconflict/protected/controllers/CampoConflictoController.php:184)
Stack trace:
#0 /usr/share/yii/framework/web/filters/CFilterChain.php(134): CampoConflictoController->runAction()
#1 /usr/share/yii/framework/web/filters/CFilter.php(41): CFilterChain->run()
#2 /usr/share/yii/framework/web/CController.php(1146): CAccessControlFilter->filter()
#3 /usr/share/yii/framework/web/filters/CInlineFilter.php(59): CampoConflictoController->filterAccessControl()
#4 /usr/share/yii/framework/web/filters/CFilterChain.php(131): CInlineFilter->filter()
#5 /usr/share/yii/framework/web/CController.php(292): CFilterChain->run()
#6 /usr/share/yii/framework/web/CController.php(266): CampoConflictoController->runActionWithFilters()
#7 /usr/share/yii/framework/web/CWebApplication.php(283): CampoConflictoController->run()
#8 /usr/share/yii/framework/web/CWebApplication.php(142): CWebApplication->runController()
#9 /usr/share/yii/framework/base/CApplication.php(162): CWebApplication->processRequest()
#10 /opt/lampp/htdocs/escalaconflict/index.php(13): CWebApplication->run()
REQUEST_URI=/escalaconflict/index.php/campoConflicto/getCampos?term=con
in /opt/lampp/htdocs/escalaconflict/protected/controllers/CampoConflictoController.php (184)
in /opt/lampp/htdocs/escalaconflict/index.php (13)
